<?xml version="1.0" encoding="UTF-8" standalone="no"?>
<!DOCTYPE log SYSTEM "logger.dtd">
<log>
<record>
  <date>2021-05-12T16:20:54.858-0300</date>
  <logger>MARIANE SILVA DE CARVALHO</logger>
  <level>FINE</level>
  <message>File 119210450-MARIANE SILVA DE CARVALHO.zip was received. It was sent by MARIANE SILVA DE CARVALHO from IP 172.23.224.1 at 12-05-2021 16*20*54</message>
</record>
</log>
<?xml version="1.0" encoding="UTF-8" standalone="no"?>
<!DOCTYPE log SYSTEM "logger.dtd">
<log>
<record>
  <date>2021-05-12T16:53:15.084-0300</date>
  <logger>MARIANE SILVA DE CARVALHO</logger>
  <level>FINE</level>
  <message>File 119210450-MARIANE SILVA DE CARVALHO.zip was received. It was sent by MARIANE SILVA DE CARVALHO from IP 172.23.224.1 at 12-05-2021 16*53*15</message>
</record>
</log>
<?xml version="1.0" encoding="UTF-8" standalone="no"?>
<!DOCTYPE log SYSTEM "logger.dtd">
<log>
<record>
  <date>2021-05-12T20:58:59.096-0300</date>
  <logger>MARIANE SILVA DE CARVALHO</logger>
  <level>FINE</level>
  <message>File 119210450-MARIANE SILVA DE CARVALHO.zip was received. It was sent by MARIANE SILVA DE CARVALHO from IP 172.23.224.1 at 12-05-2021 20*58*59</message>
</record>
