<?xml version="1.0" encoding="UTF-8" standalone="no"?>
<!DOCTYPE log SYSTEM "logger.dtd">
<log>
<record>
  <date>2021-05-06T11:24:31.315-0300</date>
  <logger>MARIANE SILVA DE CARVALHO</logger>
  <level>FINE</level>
  <message>File 119210450-MARIANE SILVA DE CARVALHO.zip was received. It was sent by MARIANE SILVA DE CARVALHO from IP 172.23.224.1 at 06-05-2021 11*24*31</message>
</record>
</log>
<?xml version="1.0" encoding="UTF-8" standalone="no"?>
<!DOCTYPE log SYSTEM "logger.dtd">
<log>
<record>
  <date>2021-05-06T11:51:14.810-0300</date>
  <logger>MARIANE SILVA DE CARVALHO</logger>
  <level>FINE</level>
  <message>File 119210450-MARIANE SILVA DE CARVALHO.zip was received. It was sent by MARIANE SILVA DE CARVALHO from IP 172.23.224.1 at 06-05-2021 11*51*14</message>
</record>
</log>
<?xml version="1.0" encoding="UTF-8" standalone="no"?>
<!DOCTYPE log SYSTEM "logger.dtd">
<log>
<record>
  <date>2021-05-06T14:51:46.914-0300</date>
  <logger>MARIANE SILVA DE CARVALHO</logger>
  <level>FINE</level>
  <message>File 119210450-MARIANE SILVA DE CARVALHO.zip was received. It was sent by MARIANE SILVA DE CARVALHO from IP 172.23.224.1 at 06-05-2021 14*51*46</message>
</record>
</log>
<?xml version="1.0" encoding="UTF-8" standalone="no"?>
<!DOCTYPE log SYSTEM "logger.dtd">
<log>
<record>
  <date>2021-05-06T17:46:31.192-0300</date>
  <logger>MARIANE SILVA DE CARVALHO</logger>
  <level>FINE</level>
  <message>File 119210450-MARIANE SILVA DE CARVALHO.zip was received. It was sent by MARIANE SILVA DE CARVALHO from IP 172.23.224.1 at 06-05-2021 17*46*31</message>
</record>
