<?xml version="1.0" encoding="UTF-8" standalone="no"?>
<!DOCTYPE log SYSTEM "logger.dtd">
<log>
<record>
  <date>2021-04-19T20:59:11.672-0300</date>
  <logger>MARIANE SILVA DE CARVALHO</logger>
  <level>FINE</level>
  <message>File 119210450-MARIANE SILVA DE CARVALHO.zip was received. It was sent by MARIANE SILVA DE CARVALHO from IP 192.168.0.27 at 19-04-2021 20*59*11</message>
</record>
</log>
<?xml version="1.0" encoding="UTF-8" standalone="no"?>
<!DOCTYPE log SYSTEM "logger.dtd">
<log>
<record>
  <date>2021-04-21T10:17:19.008-0300</date>
  <logger>MARIANE SILVA DE CARVALHO</logger>
  <level>FINE</level>
  <message>File 119210450-MARIANE SILVA DE CARVALHO.zip was received. It was sent by MARIANE SILVA DE CARVALHO from IP 192.168.1.8 at 21-04-2021 10*17*18</message>
</record>
</log>
<?xml version="1.0" encoding="UTF-8" standalone="no"?>
<!DOCTYPE log SYSTEM "logger.dtd">
<log>
<record>
  <date>2021-04-21T10:29:47.882-0300</date>
  <logger>MARIANE SILVA DE CARVALHO</logger>
  <level>FINE</level>
  <message>File 119210450-MARIANE SILVA DE CARVALHO.zip was received. It was sent by MARIANE SILVA DE CARVALHO from IP 192.168.1.8 at 21-04-2021 10*29*47</message>
</record>
