<?xml version="1.0" encoding="UTF-8" standalone="no"?>
<!DOCTYPE log SYSTEM "logger.dtd">
<log>
<record>
  <date>2021-03-31T22:34:08.627-0300</date>
  <logger>MARIANE SILVA DE CARVALHO</logger>
  <level>FINE</level>
  <message>File 119210450-MARIANE SILVA DE CARVALHO.zip was received. It was sent by MARIANE SILVA DE CARVALHO from IP 192.168.0.107 at 31-03-2021 22*34*08</message>
</record>
</log>
<?xml version="1.0" encoding="UTF-8" standalone="no"?>
<!DOCTYPE log SYSTEM "logger.dtd">
<log>
<record>
  <date>2021-03-31T23:13:49.936-0300</date>
  <logger>MARIANE SILVA DE CARVALHO</logger>
  <level>FINE</level>
  <message>File 119210450-MARIANE SILVA DE CARVALHO.zip was received. It was sent by MARIANE SILVA DE CARVALHO from IP 192.168.0.107 at 31-03-2021 23*13*49</message>
</record>
</log>
<?xml version="1.0" encoding="UTF-8" standalone="no"?>
<!DOCTYPE log SYSTEM "logger.dtd">
<log>
<record>
  <date>2021-04-05T11:17:10.065-0300</date>
  <logger>MARIANE SILVA DE CARVALHO</logger>
  <level>FINE</level>
  <message>File 119210450-MARIANE SILVA DE CARVALHO.zip was received. It was sent by MARIANE SILVA DE CARVALHO from IP 192.168.0.27 at 05-04-2021 11*17*10</message>
</record>
</log>
<?xml version="1.0" encoding="UTF-8" standalone="no"?>
<!DOCTYPE log SYSTEM "logger.dtd">
<log>
<record>
  <date>2021-04-07T09:49:37.976-0300</date>
  <logger>MARIANE SILVA DE CARVALHO</logger>
  <level>FINE</level>
  <message>File 119210450-MARIANE SILVA DE CARVALHO.zip was received. It was sent by MARIANE SILVA DE CARVALHO from IP 192.168.0.27 at 07-04-2021 09*49*37</message>
</record>
</log>
<?xml version="1.0" encoding="UTF-8" standalone="no"?>
<!DOCTYPE log SYSTEM "logger.dtd">
<log>
<record>
  <date>2021-04-07T09:50:30.394-0300</date>
  <logger>MARIANE SILVA DE CARVALHO</logger>
  <level>FINE</level>
  <message>File 119210450-MARIANE SILVA DE CARVALHO.zip was received. It was sent by MARIANE SILVA DE CARVALHO from IP 192.168.0.27 at 07-04-2021 09*50*30</message>
</record>
