<?xml version="1.0" encoding="UTF-8" standalone="no"?>
<!DOCTYPE log SYSTEM "logger.dtd">
<log>
<record>
  <date>2021-03-18T09:09:40.796-0300</date>
  <logger>MARIANE SILVA DE CARVALHO</logger>
  <level>FINE</level>
  <message>File 119210450-MARIANE SILVA DE CARVALHO.zip was received. It was sent by MARIANE SILVA DE CARVALHO from IP 192.168.1.8 at 18-03-2021 09*09*40</message>
</record>
</log>
<?xml version="1.0" encoding="UTF-8" standalone="no"?>
<!DOCTYPE log SYSTEM "logger.dtd">
<log>
<record>
  <date>2021-03-18T13:33:53.069-0300</date>
  <logger>MARIANE SILVA DE CARVALHO</logger>
  <level>FINE</level>
  <message>File 119210450-MARIANE SILVA DE CARVALHO.zip was received. It was sent by MARIANE SILVA DE CARVALHO from IP 192.168.1.8 at 18-03-2021 13*33*53</message>
</record>
</log>
<?xml version="1.0" encoding="UTF-8" standalone="no"?>
<!DOCTYPE log SYSTEM "logger.dtd">
<log>
<record>
  <date>2021-03-18T16:28:24.324-0300</date>
  <logger>MARIANE SILVA DE CARVALHO</logger>
  <level>FINE</level>
  <message>File 119210450-MARIANE SILVA DE CARVALHO.zip was received. It was sent by MARIANE SILVA DE CARVALHO from IP 192.168.1.8 at 18-03-2021 16*28*24</message>
</record>
